<?xml version="1.0" encoding="UTF-8"?>
<testsuite xmlns:xsi="http://www.w3.org/2001/XMLSchema-instance" xsi:noNamespaceSchemaLocation="https://maven.apache.org/surefire/maven-surefire-plugin/xsd/surefire-test-report.xsd" name="com.learing.Springbootpractice.service.DepartmentServiceTest" time="5.418" tests="1" errors="0" skipped="0" failures="0">
  <properties>
[...]
</properties>
  <testcase name="find_department_by_its_code" classname="com.learing.Springbootpractice.service.DepartmentServiceTest" time="0.084"/>
</testsuite>